[debug] ----------------------------------------------------------------------
[debug] Command:      C:\Program Files (x86)\nodejs\node.exe C:\Users\Spartan-117\AppData\Roaming\npm\node_modules\firebase-tools\bin\firebase deploy
[debug] CLI Version:  3.0.8
[debug] Platform:     win32
[debug] Node Version: v0.12.2
[debug] Time:         Sun Oct 16 2016 16:15:08 GMT-0500 (Hora est. Pacífico, Sudamérica)
[debug] ----------------------------------------------------------------------
[debug] 
[debug] > command requires scopes: ["email","openid","https://www.googleapis.com/auth/cloudplatformprojects.readonly","https://www.googleapis.com/auth/firebase"]
[debug] >>> HTTP REQUEST GET https://admin.firebase.com/v1/projects/jeansweb-53bc2 
[debug] <<< HTTP RESPONSE 200
[debug] >>> HTTP REQUEST GET https://admin.firebase.com/v1/database/jeansweb-53bc2/tokens 
[debug] <<< HTTP RESPONSE 200
[info] 
[info] === Deploying to 'jeansweb-53bc2'...
[info] 
[info] i  deploying database, hosting
[info] +  database: rules ready to deploy.
[info] i  hosting: preparing public directory for upload...
[debug] ----------------------------------------------------------------------
[debug] Command:      node C:\Users\Spartan-117\AppData\Roaming\npm\node_modules\firebase-tools\bin\firebase deploy
[debug] CLI Version:  3.0.8
[debug] Platform:     win32
[debug] Node Version: v0.12.2
[debug] Time:         Sun Oct 16 2016 16:20:55 GMT-0500 (Hora est. Pacífico, Sudamérica)
[debug] ----------------------------------------------------------------------
[debug] 
[debug] > command requires scopes: ["email","openid","https://www.googleapis.com/auth/cloudplatformprojects.readonly","https://www.googleapis.com/auth/firebase"]
[debug] >>> HTTP REQUEST GET https://admin.firebase.com/v1/projects/jeansweb-53bc2 
[debug] <<< HTTP RESPONSE 200
[debug] >>> HTTP REQUEST GET https://admin.firebase.com/v1/database/jeansweb-53bc2/tokens 
[debug] <<< HTTP RESPONSE 200
[info] 
[info] === Deploying to 'jeansweb-53bc2'...
[info] 
[info] i  deploying database, hosting
[info] +  database: rules ready to deploy.
[info] i  hosting: preparing public directory for upload...
