0 info it worked if it ends with ok
1 verbose cli [ '/usr/local/bin/node',
1 verbose cli   '/usr/local/bin/npm',
1 verbose cli   'i',
1 verbose cli   'angular-messages@X.Y.Z',
1 verbose cli   '--save' ]
2 info using npm@2.14.4
3 info using node@v4.1.1
4 verbose config Skipping project config: /Users/jeisonlopez/.npmrc. (matches userconfig)
5 verbose install initial load of /Users/jeisonlopez/package.json
6 verbose installManyTop reading scoped package data from /Users/jeisonlopez/node_modules/firebase-tools/package.json
7 verbose installManyTop reading scoped package data from /Users/jeisonlopez/node_modules/httpster/package.json
8 verbose installManyTop reading scoped package data from /Users/jeisonlopez/node_modules/mongodb/package.json
9 verbose readDependencies loading dependencies from /Users/jeisonlopez/package.json
10 silly cache add args [ 'angular-messages@X.Y.Z', null ]
11 verbose cache add spec angular-messages@X.Y.Z
12 silly cache add parsed spec Result {
12 silly cache add   raw: 'angular-messages@X.Y.Z',
12 silly cache add   scope: null,
12 silly cache add   name: 'angular-messages',
12 silly cache add   rawSpec: 'X.Y.Z',
12 silly cache add   spec: 'X.Y.Z',
12 silly cache add   type: 'tag' }
13 silly addNamed angular-messages@X.Y.Z
14 verbose addNamed "X.Y.Z" is being treated as a dist-tag for angular-messages
15 info addNameTag [ 'angular-messages', 'X.Y.Z' ]
16 silly mapToRegistry name angular-messages
17 silly mapToRegistry using default registry
18 silly mapToRegistry registry https://registry.npmjs.org/
19 silly mapToRegistry uri https://registry.npmjs.org/angular-messages
20 verbose addNameTag registry:https://registry.npmjs.org/angular-messages not in flight; fetching
21 verbose request uri https://registry.npmjs.org/angular-messages
22 verbose request no auth needed
23 info attempt registry request try #1 at 10:34:14 AM
24 verbose request id eec944353ad96ed5
25 http request GET https://registry.npmjs.org/angular-messages
26 http 200 https://registry.npmjs.org/angular-messages
27 silly get cb [ 200,
27 silly get   { server: 'CouchDB/1.6.1 (Erlang OTP/R16B03)',
27 silly get     etag: '"4EPJH9UJCTEMOIKCB1B2LB4EB"',
27 silly get     'content-type': 'application/json',
27 silly get     'content-encoding': 'gzip',
27 silly get     'cache-control': 'max-age=300',
27 silly get     'content-length': '9613',
27 silly get     'accept-ranges': 'bytes',
27 silly get     date: 'Mon, 17 Oct 2016 15:34:15 GMT',
27 silly get     via: '1.1 varnish',
27 silly get     age: '97',
27 silly get     connection: 'keep-alive',
27 silly get     'x-served-by': 'cache-atl6240-ATL',
27 silly get     'x-cache': 'HIT',
27 silly get     'x-cache-hits': '1',
27 silly get     'x-timer': 'S1476718455.455328,VS0,VE0',
27 silly get     vary: 'Accept-Encoding' } ]
28 verbose get saving angular-messages to /Users/jeisonlopez/.npm/registry.npmjs.org/angular-messages/.cache.json
29 silly addNameTag next cb for angular-messages with tag X.Y.Z
30 verbose stack Error: No compatible version found: angular-messages@'X.Y.Z'
30 verbose stack Valid install targets:
30 verbose stack ["1.3.0-rc.5","1.3.0","1.3.1","1.3.2","1.3.3","1.3.4","1.3.5","1.3.6","1.3.7","1.3.8","1.4.0-beta.0","1.3.9","1.3.10","1.4.0-beta.1","1.4.0-beta.2","1.3.11","1.4.0-beta.3","1.3.12","1.3.13","1.4.0-beta.4","1.3.14","1.4.0-beta.5","1.4.0-beta.6","1.3.15","1.4.0-rc.0","1.4.0-rc.1","1.4.0-rc.2","1.4.0","1.3.16","1.4.1","1.4.2","1.3.17","1.4.3","1.4.4","1.3.18","1.4.5","1.3.19","1.4.6","1.5.0-beta.0","1.3.20","1.4.7","1.5.0-beta.2","1.4.8","1.5.0-rc.0","1.5.0-rc.1","1.4.9","1.5.0-rc.2","1.5.0","1.5.1","1.4.10","1.5.2","1.5.3","1.5.5","1.4.11","1.5.6","1.4.12","1.5.7","1.5.8","1.4.13","1.4.14"]
30 verbose stack
30 verbose stack     at installTargetsError (/usr/local/lib/node_modules/npm/lib/cache/add-named.js:278:12)
30 verbose stack     at next (/usr/local/lib/node_modules/npm/lib/cache/add-named.js:94:10)
30 verbose stack     at RES (/usr/local/lib/node_modules/npm/node_modules/inflight/inflight.js:23:14)
30 verbose stack     at f (/usr/local/lib/node_modules/npm/node_modules/once/once.js:17:25)
30 verbose stack     at fixName (/usr/local/lib/node_modules/npm/lib/cache/add-named.js:29:5)
30 verbose stack     at saved (/usr/local/lib/node_modules/npm/lib/cache/caching-client.js:173:7)
30 verbose stack     at /usr/local/lib/node_modules/npm/node_modules/graceful-fs/polyfills.js:210:7
30 verbose stack     at FSReqWrap.oncomplete (fs.js:82:15)
31 verbose cwd /Users/jeisonlopez/WebstormProjects/jeansWeb
32 error Darwin 16.0.0
33 error argv "/usr/local/bin/node" "/usr/local/bin/npm" "i" "angular-messages@X.Y.Z" "--save"
34 error node v4.1.1
35 error npm  v2.14.4
36 error code ETARGET
37 error notarget No compatible version found: angular-messages@'X.Y.Z'
37 error notarget Valid install targets:
37 error notarget ["1.3.0-rc.5","1.3.0","1.3.1","1.3.2","1.3.3","1.3.4","1.3.5","1.3.6","1.3.7","1.3.8","1.4.0-beta.0","1.3.9","1.3.10","1.4.0-beta.1","1.4.0-beta.2","1.3.11","1.4.0-beta.3","1.3.12","1.3.13","1.4.0-beta.4","1.3.14","1.4.0-beta.5","1.4.0-beta.6","1.3.15","1.4.0-rc.0","1.4.0-rc.1","1.4.0-rc.2","1.4.0","1.3.16","1.4.1","1.4.2","1.3.17","1.4.3","1.4.4","1.3.18","1.4.5","1.3.19","1.4.6","1.5.0-beta.0","1.3.20","1.4.7","1.5.0-beta.2","1.4.8","1.5.0-rc.0","1.5.0-rc.1","1.4.9","1.5.0-rc.2","1.5.0","1.5.1","1.4.10","1.5.2","1.5.3","1.5.5","1.4.11","1.5.6","1.4.12","1.5.7","1.5.8","1.4.13","1.4.14"]
37 error notarget
37 error notarget This is most likely not a problem with npm itself.
37 error notarget In most cases you or one of your dependencies are requesting
37 error notarget a package version that doesn't exist.
38 verbose exit [ 1, true ]
